<?xml version="1.0" encoding="UTF-8"?>
<!-- Generated by org.testng.reporters.JUnitXMLReporter -->
<testsuite ignored="0" hostname="Shreyanvi" failures="1" tests="1" name="Test" time="0.048" errors="0" timestamp="2023-12-03T15:59:03 IST">
  <testcase classname="Maven_Sample.SampleMavenProgram.JenkinsMaven1" name="test" time="0.016">
    <failure type="java.lang.Error" message="Unresolved compilation problems: 
	Syntax error, insert &amp;quot;VariableDeclarators&amp;quot; to complete LocalVariableDeclaration
	Syntax error, insert &amp;quot;;&amp;quot; to complete LocalVariableDeclarationStatement
	s cannot be resolved
">
      <![CDATA[java.lang.Error: Unresolved compilation problems: 
Syntax error, insert "VariableDeclarators" to complete LocalVariableDeclaration
Syntax error, insert ";" to complete LocalVariableDeclarationStatement
s cannot be resolved

at Maven_Sample.SampleMavenProgram.JenkinsMaven1.test(JenkinsMaven1.java:15)
at java.base/java.util.ArrayList.forEach(ArrayList.java:1541)
... Removed 27 stack frames]]>
    </failure>
  </testcase> <!-- test -->
</testsuite> <!-- Test -->
