<?xml version="1.0" encoding="UTF-8"?>
<testng-results ignored="0" total="1" passed="1" failed="0" skipped="0">
  <reporter-output>
  </reporter-output>
  <suite started-at="2023-12-06T11:20:50 IST" name="Suite" finished-at="2023-12-06T11:20:53 IST" duration-ms="3379">
    <groups>
    </groups>
    <test started-at="2023-12-06T11:20:50 IST" name="Test" finished-at="2023-12-06T11:20:53 IST" duration-ms="3379">
      <class name="Maven_Sample.SampleMavenProgram.JenkinsMaven1">
        <test-method signature="test(java.lang.String)[pri:0, instance:Maven_Sample.SampleMavenProgram.JenkinsMaven1@3b6ddd1d]" started-at="2023-12-06T11:20:50 IST" name="test" finished-at="2023-12-06T11:20:53 IST" duration-ms="3331" status="PASS">
          <params>
            <param index="0">
              <value>
                <![CDATA[Edge]]>
              </value>
            </param>
          </params>
          <reporter-output>
          </reporter-output>
        </test-method> <!-- test -->
      </class> <!-- Maven_Sample.SampleMavenProgram.JenkinsMaven1 -->
    </test> <!-- Test -->
  </suite> <!-- Suite -->
</testng-results>
