<?xml version="1.0" encoding="UTF-8"?>
<testng-results ignored="0" total="1" passed="1" failed="0" skipped="0">
  <reporter-output>
  </reporter-output>
  <suite started-at="2023-12-03T15:59:31 IST" name="Default suite" finished-at="2023-12-03T15:59:35 IST" duration-ms="3557">
    <groups>
    </groups>
    <test started-at="2023-12-03T15:59:31 IST" name="Default test" finished-at="2023-12-03T15:59:35 IST" duration-ms="3557">
      <class name="Maven_Sample.SampleMavenProgram.JenkinsMaven1">
        <test-method signature="test()[pri:0, instance:Maven_Sample.SampleMavenProgram.JenkinsMaven1@45099dd3]" started-at="2023-12-03T15:59:31 IST" name="test" finished-at="2023-12-03T15:59:35 IST" duration-ms="3522" status="PASS">
          <reporter-output>
          </reporter-output>
        </test-method> <!-- test -->
      </class> <!-- Maven_Sample.SampleMavenProgram.JenkinsMaven1 -->
    </test> <!-- Default test -->
  </suite> <!-- Default suite -->
</testng-results>
