<?xml version="1.0" encoding="UTF-8"?>
<testng-results ignored="0" total="1" passed="1" failed="0" skipped="0">
  <reporter-output>
  </reporter-output>
  <suite started-at="2023-12-06T11:07:51 IST" name="Suite" finished-at="2023-12-06T11:07:54 IST" duration-ms="3406">
    <groups>
    </groups>
    <test started-at="2023-12-06T11:07:51 IST" name="Test" finished-at="2023-12-06T11:07:54 IST" duration-ms="3406">
      <class name="Maven_Sample.SampleMavenProgram.JenkinsMaven1">
        <test-method signature="test()[pri:0, instance:Maven_Sample.SampleMavenProgram.JenkinsMaven1@45099dd3]" started-at="2023-12-06T11:07:51 IST" name="test" finished-at="2023-12-06T11:07:54 IST" duration-ms="3364" status="PASS">
          <reporter-output>
          </reporter-output>
        </test-method> <!-- test -->
      </class> <!-- Maven_Sample.SampleMavenProgram.JenkinsMaven1 -->
    </test> <!-- Test -->
  </suite> <!-- Suite -->
</testng-results>
